   Compiling ring v0.17.14
   Compiling rustls v0.23.41
   Compiling rustls-webpki v0.103.13
   Compiling sqlx-core v0.9.0
   Compiling tokio-rustls v0.26.4
   Compiling rustls-platform-verifier v0.7.0
   Compiling hyper-rustls v0.27.9
   Compiling lettre v0.11.22
   Compiling reqwest v0.13.4
   Compiling sqlx-postgres v0.9.0
   Compiling sqlx-macros-core v0.9.0
   Compiling sqlx-macros v0.9.0
   Compiling sqlx v0.9.0
   Compiling core v0.1.0 (C:\projects\govfolio.io\crates\core)
   Compiling pipeline v0.1.0 (C:\projects\govfolio.io\crates\pipeline)
   Compiling us_house v0.1.0 (C:\projects\govfolio.io\crates\adapters\us_house)
   Compiling br v0.1.0 (C:\projects\govfolio.io\crates\adapters\br)
   Compiling worker v0.1.0 (C:\projects\govfolio.io\crates\worker)
    Finished `dev` profile [unoptimized + debuginfo] target(s) in 29.08s
     Running `.cargo-target-br-widen\debug\seed-br-candidates.exe --from 2022 --to 2022`
2022: discovered 11423 | considered 11423 (uf filter []) | seeded 0 | skipped (other cargo) 793 | errors 178
2022: SKIPPED "FÁBIO NOVAIS MAGALHÃES" (SP) — same-pass (alias, district) collision: 2 distinct candidates this pass share this identity — refusing to guess which is which (invariant 3)
2022: SKIPPED "FÁBIO NOVAIS MAGALHÃES" (SP) — same-pass (alias, district) collision: 2 distinct candidates this pass share this identity — refusing to guess which is which (invariant 3)
2022: SKIPPED "MARIA LUCIA DA SILVA" (SP) — same-pass (alias, district) collision: 2 distinct candidates this pass share this identity — refusing to guess which is which (invariant 3)
2022: SKIPPED "MARIA LUCIA DA SILVA" (SP) — same-pass (alias, district) collision: 2 distinct candidates this pass share this identity — refusing to guess which is which (invariant 3)
2022: SKIPPED "JORGINA SOUZA DA CONCEIÇÃO" (RJ) — same-pass (alias, district) collision: 2 distinct candidates this pass share this identity — refusing to guess which is which (invariant 3)
2022: SKIPPED "DIVA MARIA DIAS VALENTINI ROZENDO" (RJ) — same-pass (alias, district) collision: 2 distinct candidates this pass share this identity — refusing to guess which is which (invariant 3)
2022: SKIPPED "DIVA MARIA DIAS VALENTINI ROZENDO" (RJ) — same-pass (alias, district) collision: 2 distinct candidates this pass share this identity — refusing to guess which is which (invariant 3)
2022: SKIPPED "LUIZ FERNANDO DUARTE CORREA" (RJ) — same-pass (alias, district) collision: 2 distinct candidates this pass share this identity — refusing to guess which is which (invariant 3)
2022: SKIPPED "LUIZ FERNANDO DUARTE CORREA" (RJ) — same-pass (alias, district) collision: 2 distinct candidates this pass share this identity — refusing to guess which is which (invariant 3)
2022: SKIPPED "JORGINA SOUZA DA CONCEIÇÃO" (RJ) — same-pass (alias, district) collision: 2 distinct candidates this pass share this identity — refusing to guess which is which (invariant 3)
2022: SKIPPED "ROSE EMANUELE RAMOS SOARES" (PB) — same-pass (alias, district) collision: 2 distinct candidates this pass share this identity — refusing to guess which is which (invariant 3)
2022: SKIPPED "ADAILTO BARROS DE SOUZA" (PB) — same-pass (alias, district) collision: 2 distinct candidates this pass share this identity — refusing to guess which is which (invariant 3)
2022: SKIPPED "MANUELA MOISES DE SANTANA" (PB) — same-pass (alias, district) collision: 2 distinct candidates this pass share this identity — refusing to guess which is which (invariant 3)
2022: SKIPPED "SILVANA VICENTE PILIPENKO" (PB) — same-pass (alias, district) collision: 2 distinct candidates this pass share this identity — refusing to guess which is which (invariant 3)
2022: SKIPPED "JOSÉ RICARDO DE SOUZA SILVA" (PB) — same-pass (alias, district) collision: 2 distinct candidates this pass share this identity — refusing to guess which is which (invariant 3)
2022: SKIPPED "MARILIA DOS SANTOS GOMES" (PB) — same-pass (alias, district) collision: 2 distinct candidates this pass share this identity — refusing to guess which is which (invariant 3)
2022: SKIPPED "FRANCISCO RONALDO EUFLAUZINO DOS SANTOS" (PB) — same-pass (alias, district) collision: 2 distinct candidates this pass share this identity — refusing to guess which is which (invariant 3)
2022: SKIPPED "ADAILTO BARROS DE SOUZA" (PB) — same-pass (alias, district) collision: 2 distinct candidates this pass share this identity — refusing to guess which is which (invariant 3)
2022: SKIPPED "SAULO PORTO DE OLIVEIRA" (PB) — same-pass (alias, district) collision: 2 distinct candidates this pass share this identity — refusing to guess which is which (invariant 3)
2022: SKIPPED "JOSÉ FERREIRA" (PB) — same-pass (alias, district) collision: 2 distinct candidates this pass share this identity — refusing to guess which is which (invariant 3)
2022: SKIPPED "JOSÉ EDSON AZEVEDO ALVES" (PB) — same-pass (alias, district) collision: 2 distinct candidates this pass share this identity — refusing to guess which is which (invariant 3)
2022: SKIPPED "MANUELA MOISES DE SANTANA" (PB) — same-pass (alias, district) collision: 2 distinct candidates this pass share this identity — refusing to guess which is which (invariant 3)
2022: SKIPPED "SAULO PORTO DE OLIVEIRA" (PB) — same-pass (alias, district) collision: 2 distinct candidates this pass share this identity — refusing to guess which is which (invariant 3)
2022: SKIPPED "JOSÉ FERREIRA" (PB) — same-pass (alias, district) collision: 2 distinct candidates this pass share this identity — refusing to guess which is which (invariant 3)
2022: SKIPPED "FRANCISCO RONALDO EUFLAUZINO DOS SANTOS" (PB) — same-pass (alias, district) collision: 2 distinct candidates this pass share this identity — refusing to guess which is which (invariant 3)
2022: SKIPPED "JOSÉ EDSON AZEVEDO ALVES" (PB) — same-pass (alias, district) collision: 2 distinct candidates this pass share this identity — refusing to guess which is which (invariant 3)
2022: SKIPPED "ROSE EMANUELE RAMOS SOARES" (PB) — same-pass (alias, district) collision: 2 distinct candidates this pass share this identity — refusing to guess which is which (invariant 3)
2022: SKIPPED "MARILIA DOS SANTOS GOMES" (PB) — same-pass (alias, district) collision: 2 distinct candidates this pass share this identity — refusing to guess which is which (invariant 3)
2022: SKIPPED "SILVANA VICENTE PILIPENKO" (PB) — same-pass (alias, district) collision: 2 distinct candidates this pass share this identity — refusing to guess which is which (invariant 3)
2022: SKIPPED "JOSÉ RICARDO DE SOUZA SILVA" (PB) — same-pass (alias, district) collision: 2 distinct candidates this pass share this identity — refusing to guess which is which (invariant 3)
2022: SKIPPED "RAQUEL DE OLIVEIRA VONSOSKI" (MS) — same-pass (alias, district) collision: 2 distinct candidates this pass share this identity — refusing to guess which is which (invariant 3)
2022: SKIPPED "AIRTON FARIAS DA CONCEIÇÃO" (MS) — same-pass (alias, district) collision: 2 distinct candidates this pass share this identity — refusing to guess which is which (invariant 3)
2022: SKIPPED "EDSON DOS SANTOS FIDELIS" (MS) — same-pass (alias, district) collision: 2 distinct candidates this pass share this identity — refusing to guess which is which (invariant 3)
2022: SKIPPED "RAQUEL DE OLIVEIRA VONSOSKI" (MS) — same-pass (alias, district) collision: 2 distinct candidates this pass share this identity — refusing to guess which is which (invariant 3)
2022: SKIPPED "RAUNI TARTARI GUIMARÃES" (MS) — same-pass (alias, district) collision: 2 distinct candidates this pass share this identity — refusing to guess which is which (invariant 3)
2022: SKIPPED "DÉBORA QUIRINO" (MS) — same-pass (alias, district) collision: 2 distinct candidates this pass share this identity — refusing to guess which is which (invariant 3)
2022: SKIPPED "EDSON DOS SANTOS FIDELIS" (MS) — same-pass (alias, district) collision: 2 distinct candidates this pass share this identity — refusing to guess which is which (invariant 3)
2022: SKIPPED "RAUNI TARTARI GUIMARÃES" (MS) — same-pass (alias, district) collision: 2 distinct candidates this pass share this identity — refusing to guess which is which (invariant 3)
2022: SKIPPED "DÉBORA QUIRINO" (MS) — same-pass (alias, district) collision: 2 distinct candidates this pass share this identity — refusing to guess which is which (invariant 3)
2022: SKIPPED "AIRTON FARIAS DA CONCEIÇÃO" (MS) — same-pass (alias, district) collision: 2 distinct candidates this pass share this identity — refusing to guess which is which (invariant 3)
2022: SKIPPED "DARLAM MELO DOS SANTOS" (AM) — same-pass (alias, district) collision: 2 distinct candidates this pass share this identity — refusing to guess which is which (invariant 3)
2022: SKIPPED "ADRIANA MOURA DE MENDONÇA" (AM) — same-pass (alias, district) collision: 2 distinct candidates this pass share this identity — refusing to guess which is which (invariant 3)
2022: SKIPPED "LUCIANO DE FARIAS" (AM) — same-pass (alias, district) collision: 2 distinct candidates this pass share this identity — refusing to guess which is which (invariant 3)
2022: SKIPPED "RENATO DE SOUZA MARQUES" (AM) — same-pass (alias, district) collision: 2 distinct candidates this pass share this identity — refusing to guess which is which (invariant 3)
2022: SKIPPED "NEIVA DA SILVA CARDOSO" (AM) — same-pass (alias, district) collision: 2 distinct candidates this pass share this identity — refusing to guess which is which (invariant 3)
2022: SKIPPED "ADRIANA MOURA DE MENDONÇA" (AM) — same-pass (alias, district) collision: 2 distinct candidates this pass share this identity — refusing to guess which is which (invariant 3)
2022: SKIPPED "NEIVA DA SILVA CARDOSO" (AM) — same-pass (alias, district) collision: 2 distinct candidates this pass share this identity — refusing to guess which is which (invariant 3)
2022: SKIPPED "DARLAM MELO DOS SANTOS" (AM) — same-pass (alias, district) collision: 2 distinct candidates this pass share this identity — refusing to guess which is which (invariant 3)
2022: SKIPPED "RENATO DE SOUZA MARQUES" (AM) — same-pass (alias, district) collision: 2 distinct candidates this pass share this identity — refusing to guess which is which (invariant 3)
2022: SKIPPED "LUCIANO DE FARIAS" (AM) — same-pass (alias, district) collision: 2 distinct candidates this pass share this identity — refusing to guess which is which (invariant 3)
2022: SKIPPED "TAYRONE JESUS DOS SANTOS" (BA) — same-pass (alias, district) collision: 2 distinct candidates this pass share this identity — refusing to guess which is which (invariant 3)
2022: SKIPPED "ELI SAMUEL SANTANA PEREIRA" (BA) — same-pass (alias, district) collision: 2 distinct candidates this pass share this identity — refusing to guess which is which (invariant 3)
2022: SKIPPED "MICHELINE MARIA DA SILVA" (BA) — same-pass (alias, district) collision: 2 distinct candidates this pass share this identity — refusing to guess which is which (invariant 3)
2022: SKIPPED "ARACELI PIRES CORREIA" (BA) — same-pass (alias, district) collision: 2 distinct candidates this pass share this identity — refusing to guess which is which (invariant 3)
2022: SKIPPED "MICHELINE MARIA DA SILVA" (BA) — same-pass (alias, district) collision: 2 distinct candidates this pass share this identity — refusing to guess which is which (invariant 3)
2022: SKIPPED "ALBERTO RUI SANTOS DE JESUS" (BA) — same-pass (alias, district) collision: 2 distinct candidates this pass share this identity — refusing to guess which is which (invariant 3)
2022: SKIPPED "JANDIARA DA SILVA GUIMARÃES" (BA) — same-pass (alias, district) collision: 2 distinct candidates this pass share this identity — refusing to guess which is which (invariant 3)
2022: SKIPPED "THIAGO COSTA DOS SANTOS" (BA) — same-pass (alias, district) collision: 2 distinct candidates this pass share this identity — refusing to guess which is which (invariant 3)
2022: SKIPPED "CRISPIM CATUREBA DE JESUS" (BA) — same-pass (alias, district) collision: 2 distinct candidates this pass share this identity — refusing to guess which is which (invariant 3)
2022: SKIPPED "ANDREA MARIA DA SILVA" (BA) — same-pass (alias, district) collision: 2 distinct candidates this pass share this identity — refusing to guess which is which (invariant 3)
2022: SKIPPED "LEIDIANE MOTA DO NASCIMENTO SANTOS" (BA) — same-pass (alias, district) collision: 2 distinct candidates this pass share this identity — refusing to guess which is which (invariant 3)
2022: SKIPPED "BRUNO DE SOUZA BARRETO" (BA) — same-pass (alias, district) collision: 2 distinct candidates this pass share this identity — refusing to guess which is which (invariant 3)
2022: SKIPPED "CHARLES DOS SANTOS RODRIGUES" (BA) — same-pass (alias, district) collision: 2 distinct candidates this pass share this identity — refusing to guess which is which (invariant 3)
2022: SKIPPED "ANDREA MARIA DA SILVA" (BA) — same-pass (alias, district) collision: 2 distinct candidates this pass share this identity — refusing to guess which is which (invariant 3)
2022: SKIPPED "JOSIEL HENRIQUE SOUZA GOMES" (BA) — same-pass (alias, district) collision: 2 distinct candidates this pass share this identity — refusing to guess which is which (invariant 3)
2022: SKIPPED "LUCIANO DE OLIVEIRA ARIZE" (BA) — same-pass (alias, district) collision: 2 distinct candidates this pass share this identity — refusing to guess which is which (invariant 3)
2022: SKIPPED "OSMAR JOSÉ JAMBEIRO BARBOSA" (BA) — same-pass (alias, district) collision: 2 distinct candidates this pass share this identity — refusing to guess which is which (invariant 3)
2022: SKIPPED "MOISÉS DAS NEVES ALVES" (BA) — same-pass (alias, district) collision: 2 distinct candidates this pass share this identity — refusing to guess which is which (invariant 3)
2022: SKIPPED "JANDIARA DA SILVA GUIMARÃES" (BA) — same-pass (alias, district) collision: 2 distinct candidates this pass share this identity — refusing to guess which is which (invariant 3)
2022: SKIPPED "ELIZEU CONCEIÇÃO DE SOUZA" (BA) — same-pass (alias, district) collision: 2 distinct candidates this pass share this identity — refusing to guess which is which (invariant 3)
2022: SKIPPED "RAFAEL BRUNO DE SOUZA PEREIRA" (BA) — same-pass (alias, district) collision: 2 distinct candidates this pass share this identity — refusing to guess which is which (invariant 3)
2022: SKIPPED "BERNADETH ALVES DA SILVA" (BA) — same-pass (alias, district) collision: 2 distinct candidates this pass share this identity — refusing to guess which is which (invariant 3)
2022: SKIPPED "PEDRO ARESTIDES DE MELO NETO" (BA) — same-pass (alias, district) collision: 2 distinct candidates this pass share this identity — refusing to guess which is which (invariant 3)
2022: SKIPPED "MARCONI JOSE VIEIRA SALES" (BA) — same-pass (alias, district) collision: 2 distinct candidates this pass share this identity — refusing to guess which is which (invariant 3)
2022: SKIPPED "LUCIEIDE DE AGUIAR CONCEIÇÃO" (BA) — same-pass (alias, district) collision: 2 distinct candidates this pass share this identity — refusing to guess which is which (invariant 3)
2022: SKIPPED "LEIDIANE MOTA DO NASCIMENTO SANTOS" (BA) — same-pass (alias, district) collision: 2 distinct candidates this pass share this identity — refusing to guess which is which (invariant 3)
2022: SKIPPED "AMADEU PEREIRA DE ARAÚJO" (BA) — same-pass (alias, district) collision: 2 distinct candidates this pass share this identity — refusing to guess which is which (invariant 3)
2022: SKIPPED "MOISÉS DAS NEVES ALVES" (BA) — same-pass (alias, district) collision: 2 distinct candidates this pass share this identity — refusing to guess which is which (invariant 3)
2022: SKIPPED "JOSE ALVARO FRANÇA RIOS" (BA) — same-pass (alias, district) collision: 2 distinct candidates this pass share this identity — refusing to guess which is which (invariant 3)
2022: SKIPPED "ARACELI PIRES CORREIA" (BA) — same-pass (alias, district) collision: 2 distinct candidates this pass share this identity — refusing to guess which is which (invariant 3)
2022: SKIPPED "ORIVALDO SANTOS CORREIA" (BA) — same-pass (alias, district) collision: 2 distinct candidates this pass share this identity — refusing to guess which is which (invariant 3)
2022: SKIPPED "JOSE ALVARO FRANÇA RIOS" (BA) — same-pass (alias, district) collision: 2 distinct candidates this pass share this identity — refusing to guess which is which (invariant 3)
2022: SKIPPED "VIVIANE BARBOSA FERNANDES" (BA) — same-pass (alias, district) collision: 2 distinct candidates this pass share this identity — refusing to guess which is which (invariant 3)
2022: SKIPPED "RAFAEL BRUNO DE SOUZA PEREIRA" (BA) — same-pass (alias, district) collision: 2 distinct candidates this pass share this identity — refusing to guess which is which (invariant 3)
2022: SKIPPED "ORIVALDO SANTOS CORREIA" (BA) — same-pass (alias, district) collision: 2 distinct candidates this pass share this identity — refusing to guess which is which (invariant 3)
2022: SKIPPED "ROMILDA COSTA PEREIRA" (BA) — same-pass (alias, district) collision: 2 distinct candidates this pass share this identity — refusing to guess which is which (invariant 3)
2022: SKIPPED "OSMAR JOSÉ JAMBEIRO BARBOSA" (BA) — same-pass (alias, district) collision: 2 distinct candidates this pass share this identity — refusing to guess which is which (invariant 3)
2022: SKIPPED "PEDRO ARESTIDES DE MELO NETO" (BA) — same-pass (alias, district) collision: 2 distinct candidates this pass share this identity — refusing to guess which is which (invariant 3)
2022: SKIPPED "ALBERTO RUI SANTOS DE JESUS" (BA) — same-pass (alias, district) collision: 2 distinct candidates this pass share this identity — refusing to guess which is which (invariant 3)
2022: SKIPPED "MARCONI JOSE VIEIRA SALES" (BA) — same-pass (alias, district) collision: 2 distinct candidates this pass share this identity — refusing to guess which is which (invariant 3)
2022: SKIPPED "BERNADETH ALVES DA SILVA" (BA) — same-pass (alias, district) collision: 2 distinct candidates this pass share this identity — refusing to guess which is which (invariant 3)
2022: SKIPPED "OSNERIO CABRAL SOUZA" (BA) — same-pass (alias, district) collision: 2 distinct candidates this pass share this identity — refusing to guess which is which (invariant 3)
2022: SKIPPED "GILBERTO FERREIRA DE OLIVEIRA" (BA) — same-pass (alias, district) collision: 2 distinct candidates this pass share this identity — refusing to guess which is which (invariant 3)
2022: SKIPPED "ELIZEU CONCEIÇÃO DE SOUZA" (BA) — same-pass (alias, district) collision: 2 distinct candidates this pass share this identity — refusing to guess which is which (invariant 3)
2022: SKIPPED "CHARLES DOS SANTOS RODRIGUES" (BA) — same-pass (alias, district) collision: 2 distinct candidates this pass share this identity — refusing to guess which is which (invariant 3)
2022: SKIPPED "LUCIEIDE DE AGUIAR CONCEIÇÃO" (BA) — same-pass (alias, district) collision: 2 distinct candidates this pass share this identity — refusing to guess which is which (invariant 3)
2022: SKIPPED "AMADEU PEREIRA DE ARAÚJO" (BA) — same-pass (alias, district) collision: 2 distinct candidates this pass share this identity — refusing to guess which is which (invariant 3)
2022: SKIPPED "ROMILDA COSTA PEREIRA" (BA) — same-pass (alias, district) collision: 2 distinct candidates this pass share this identity — refusing to guess which is which (invariant 3)
2022: SKIPPED "HILDA COSTA DE OLIVEIRA" (BA) — same-pass (alias, district) collision: 2 distinct candidates this pass share this identity — refusing to guess which is which (invariant 3)
2022: SKIPPED "THIAGO COSTA DOS SANTOS" (BA) — same-pass (alias, district) collision: 2 distinct candidates this pass share this identity — refusing to guess which is which (invariant 3)
2022: SKIPPED "ELI SAMUEL SANTANA PEREIRA" (BA) — same-pass (alias, district) collision: 2 distinct candidates this pass share this identity — refusing to guess which is which (invariant 3)
2022: SKIPPED "FABIO SANTANA DA MOTA" (BA) — same-pass (alias, district) collision: 2 distinct candidates this pass share this identity — refusing to guess which is which (invariant 3)
2022: SKIPPED "VIVIANE BARBOSA FERNANDES" (BA) — same-pass (alias, district) collision: 2 distinct candidates this pass share this identity — refusing to guess which is which (invariant 3)
2022: SKIPPED "ROBSON ALAN SILVA" (BA) — same-pass (alias, district) collision: 2 distinct candidates this pass share this identity — refusing to guess which is which (invariant 3)
2022: SKIPPED "EDVANILDO MORGADO SANTOS" (BA) — same-pass (alias, district) collision: 2 distinct candidates this pass share this identity — refusing to guess which is which (invariant 3)
2022: SKIPPED "VALDNEY RODRIGUES DA SILVA" (BA) — same-pass (alias, district) collision: 2 distinct candidates this pass share this identity — refusing to guess which is which (invariant 3)
2022: SKIPPED "HELBERT DIEGO ARAUJO BARBOSA" (BA) — same-pass (alias, district) collision: 2 distinct candidates this pass share this identity — refusing to guess which is which (invariant 3)
2022: SKIPPED "MARIA FERNANDA ABREU DOROTEIA" (BA) — same-pass (alias, district) collision: 2 distinct candidates this pass share this identity — refusing to guess which is which (invariant 3)
2022: SKIPPED "VALDNEY RODRIGUES DA SILVA" (BA) — same-pass (alias, district) collision: 2 distinct candidates this pass share this identity — refusing to guess which is which (invariant 3)
2022: SKIPPED "EDVANILDO MORGADO SANTOS" (BA) — same-pass (alias, district) collision: 2 distinct candidates this pass share this identity — refusing to guess which is which (invariant 3)
2022: SKIPPED "BRUNO DE SOUZA BARRETO" (BA) — same-pass (alias, district) collision: 2 distinct candidates this pass share this identity — refusing to guess which is which (invariant 3)
2022: SKIPPED "HILDA COSTA DE OLIVEIRA" (BA) — same-pass (alias, district) collision: 2 distinct candidates this pass share this identity — refusing to guess which is which (invariant 3)
2022: SKIPPED "TAYRONE JESUS DOS SANTOS" (BA) — same-pass (alias, district) collision: 2 distinct candidates this pass share this identity — refusing to guess which is which (invariant 3)
2022: SKIPPED "MARIA FERNANDA ABREU DOROTEIA" (BA) — same-pass (alias, district) collision: 2 distinct candidates this pass share this identity — refusing to guess which is which (invariant 3)
2022: SKIPPED "HELBERT DIEGO ARAUJO BARBOSA" (BA) — same-pass (alias, district) collision: 2 distinct candidates this pass share this identity — refusing to guess which is which (invariant 3)
2022: SKIPPED "JOSIEL HENRIQUE SOUZA GOMES" (BA) — same-pass (alias, district) collision: 2 distinct candidates this pass share this identity — refusing to guess which is which (invariant 3)
2022: SKIPPED "OSNERIO CABRAL SOUZA" (BA) — same-pass (alias, district) collision: 2 distinct candidates this pass share this identity — refusing to guess which is which (invariant 3)
2022: SKIPPED "ROBSON ALAN SILVA" (BA) — same-pass (alias, district) collision: 2 distinct candidates this pass share this identity — refusing to guess which is which (invariant 3)
2022: SKIPPED "FABIO SANTANA DA MOTA" (BA) — same-pass (alias, district) collision: 2 distinct candidates this pass share this identity — refusing to guess which is which (invariant 3)
2022: SKIPPED "GILBERTO FERREIRA DE OLIVEIRA" (BA) — same-pass (alias, district) collision: 2 distinct candidates this pass share this identity — refusing to guess which is which (invariant 3)
2022: SKIPPED "LUCIANO DE OLIVEIRA ARIZE" (BA) — same-pass (alias, district) collision: 2 distinct candidates this pass share this identity — refusing to guess which is which (invariant 3)
2022: SKIPPED "CRISPIM CATUREBA DE JESUS" (BA) — same-pass (alias, district) collision: 2 distinct candidates this pass share this identity — refusing to guess which is which (invariant 3)
2022: SKIPPED "PAULO DE TARCIO DE FARIA ARANTES" (GO) — same-pass (alias, district) collision: 2 distinct candidates this pass share this identity — refusing to guess which is which (invariant 3)
2022: SKIPPED "EDUARDO DE SOUSA RODOVALHO" (GO) — same-pass (alias, district) collision: 2 distinct candidates this pass share this identity — refusing to guess which is which (invariant 3)
2022: SKIPPED "EBERSON DA SILVA RODRIGUES DO NASCIMENTO" (GO) — same-pass (alias, district) collision: 2 distinct candidates this pass share this identity — refusing to guess which is which (invariant 3)
2022: SKIPPED "VANESSA RODRIGUES CARVALHO" (GO) — same-pass (alias, district) collision: 2 distinct candidates this pass share this identity — refusing to guess which is which (invariant 3)
2022: SKIPPED "FLAVIA DELMONDES DA CRUZ" (GO) — same-pass (alias, district) collision: 2 distinct candidates this pass share this identity — refusing to guess which is which (invariant 3)
2022: SKIPPED "CARLOS PEDROSA DA SILVA" (GO) — same-pass (alias, district) collision: 2 distinct candidates this pass share this identity — refusing to guess which is which (invariant 3)
2022: SKIPPED "CARLOS PEDROSA DA SILVA" (GO) — same-pass (alias, district) collision: 2 distinct candidates this pass share this identity — refusing to guess which is which (invariant 3)
2022: SKIPPED "JULIANA DINIZ FERREIRA DE MOURA" (GO) — same-pass (alias, district) collision: 2 distinct candidates this pass share this identity — refusing to guess which is which (invariant 3)
2022: SKIPPED "TELÊMACO BRANDÃO" (GO) — same-pass (alias, district) collision: 2 distinct candidates this pass share this identity — refusing to guess which is which (invariant 3)
2022: SKIPPED "EDUARDO DE SOUSA RODOVALHO" (GO) — same-pass (alias, district) collision: 2 distinct candidates this pass share this identity — refusing to guess which is which (invariant 3)
2022: SKIPPED "JULIANA DINIZ FERREIRA DE MOURA" (GO) — same-pass (alias, district) collision: 2 distinct candidates this pass share this identity — refusing to guess which is which (invariant 3)
2022: SKIPPED "ELISMAR CARLOS COSTA" (GO) — same-pass (alias, district) collision: 2 distinct candidates this pass share this identity — refusing to guess which is which (invariant 3)
2022: SKIPPED "EBERSON DA SILVA RODRIGUES DO NASCIMENTO" (GO) — same-pass (alias, district) collision: 2 distinct candidates this pass share this identity — refusing to guess which is which (invariant 3)
2022: SKIPPED "FLAVIA DELMONDES DA CRUZ" (GO) — same-pass (alias, district) collision: 2 distinct candidates this pass share this identity — refusing to guess which is which (invariant 3)
2022: SKIPPED "TELÊMACO BRANDÃO" (GO) — same-pass (alias, district) collision: 2 distinct candidates this pass share this identity — refusing to guess which is which (invariant 3)
2022: SKIPPED "PAULO DE TARCIO DE FARIA ARANTES" (GO) — same-pass (alias, district) collision: 2 distinct candidates this pass share this identity — refusing to guess which is which (invariant 3)
2022: SKIPPED "VANESSA RODRIGUES CARVALHO" (GO) — same-pass (alias, district) collision: 2 distinct candidates this pass share this identity — refusing to guess which is which (invariant 3)
2022: SKIPPED "ELISMAR CARLOS COSTA" (GO) — same-pass (alias, district) collision: 2 distinct candidates this pass share this identity — refusing to guess which is which (invariant 3)
2022: SKIPPED "BETHANIA KELLY DE ALMEIDA BARBOSA NOGUEIRA" (DF) — same-pass (alias, district) collision: 2 distinct candidates this pass share this identity — refusing to guess which is which (invariant 3)
2022: SKIPPED "BETHANIA KELLY DE ALMEIDA BARBOSA NOGUEIRA" (DF) — same-pass (alias, district) collision: 2 distinct candidates this pass share this identity — refusing to guess which is which (invariant 3)
2022: SKIPPED "RAIMUNDO GERSON DOS SANTOS LIMA" (CE) — same-pass (alias, district) collision: 2 distinct candidates this pass share this identity — refusing to guess which is which (invariant 3)
2022: SKIPPED "FRANCISCO FEITOSA DE ALBUQUERQUE LIMA" (CE) — same-pass (alias, district) collision: 2 distinct candidates this pass share this identity — refusing to guess which is which (invariant 3)
2022: SKIPPED "JOSÉ DENÍSIO PINHEIRO" (CE) — same-pass (alias, district) collision: 2 distinct candidates this pass share this identity — refusing to guess which is which (invariant 3)
2022: SKIPPED "RAQUEL DE QUEIROZ BESSA" (CE) — same-pass (alias, district) collision: 2 distinct candidates this pass share this identity — refusing to guess which is which (invariant 3)
2022: SKIPPED "ANÍBAL FERREIRA GOMES" (CE) — same-pass (alias, district) collision: 2 distinct candidates this pass share this identity — refusing to guess which is which (invariant 3)
2022: SKIPPED "NARLIA GADELHA DE OLIVEIRA" (CE) — same-pass (alias, district) collision: 2 distinct candidates this pass share this identity — refusing to guess which is which (invariant 3)
2022: SKIPPED "MORONI BING TORGAN" (CE) — same-pass (alias, district) collision: 2 distinct candidates this pass share this identity — refusing to guess which is which (invariant 3)
2022: SKIPPED "PAULO ROMERITO DE ARAUJO MONTENEGRO" (CE) — same-pass (alias, district) collision: 2 distinct candidates this pass share this identity — refusing to guess which is which (invariant 3)
2022: SKIPPED "NARLIA GADELHA DE OLIVEIRA" (CE) — same-pass (alias, district) collision: 2 distinct candidates this pass share this identity — refusing to guess which is which (invariant 3)
2022: SKIPPED "FRANCISCO FEITOSA DE ALBUQUERQUE LIMA" (CE) — same-pass (alias, district) collision: 2 distinct candidates this pass share this identity — refusing to guess which is which (invariant 3)
2022: SKIPPED "ANDERSON PEROBA GOMES" (CE) — same-pass (alias, district) collision: 2 distinct candidates this pass share this identity — refusing to guess which is which (invariant 3)
2022: SKIPPED "FRANCISCO ANTONIO LOPES DE PAULA BEZERRA" (CE) — same-pass (alias, district) collision: 2 distinct candidates this pass share this identity — refusing to guess which is which (invariant 3)
2022: SKIPPED "EMANUELLA DE OLIVEIRA ALVES" (CE) — same-pass (alias, district) collision: 2 distinct candidates this pass share this identity — refusing to guess which is which (invariant 3)
2022: SKIPPED "FRANCISCO ANTONIO LOPES DE PAULA BEZERRA" (CE) — same-pass (alias, district) collision: 2 distinct candidates this pass share this identity — refusing to guess which is which (invariant 3)
2022: SKIPPED "MORONI BING TORGAN" (CE) — same-pass (alias, district) collision: 2 distinct candidates this pass share this identity — refusing to guess which is which (invariant 3)
2022: SKIPPED "EDSON BEZERRA DA COSTA" (CE) — same-pass (alias, district) collision: 2 distinct candidates this pass share this identity — refusing to guess which is which (invariant 3)
2022: SKIPPED "PAULO ROMERITO DE ARAUJO MONTENEGRO" (CE) — same-pass (alias, district) collision: 2 distinct candidates this pass share this identity — refusing to guess which is which (invariant 3)
2022: SKIPPED "ANÍBAL FERREIRA GOMES" (CE) — same-pass (alias, district) collision: 2 distinct candidates this pass share this identity — refusing to guess which is which (invariant 3)
2022: SKIPPED "EMANUELLA DE OLIVEIRA ALVES" (CE) — same-pass (alias, district) collision: 2 distinct candidates this pass share this identity — refusing to guess which is which (invariant 3)
2022: SKIPPED "ANTONIO AUGUSTO FIGUEIREDO LIMA FILHO" (CE) — same-pass (alias, district) collision: 2 distinct candidates this pass share this identity — refusing to guess which is which (invariant 3)
2022: SKIPPED "FRANCISCO ELY AGUIAR ALVES" (CE) — same-pass (alias, district) collision: 2 distinct candidates this pass share this identity — refusing to guess which is which (invariant 3)
2022: SKIPPED "ANTONIO AUGUSTO FIGUEIREDO LIMA FILHO" (CE) — same-pass (alias, district) collision: 2 distinct candidates this pass share this identity — refusing to guess which is which (invariant 3)
2022: SKIPPED "EDSON BEZERRA DA COSTA" (CE) — same-pass (alias, district) collision: 2 distinct candidates this pass share this identity — refusing to guess which is which (invariant 3)
2022: SKIPPED "ANDERSON PEROBA GOMES" (CE) — same-pass (alias, district) collision: 2 distinct candidates this pass share this identity — refusing to guess which is which (invariant 3)
2022: SKIPPED "JOSE GERALDO ARAUJO CORREIA" (CE) — same-pass (alias, district) collision: 2 distinct candidates this pass share this identity — refusing to guess which is which (invariant 3)
2022: SKIPPED "CARLOS EMANUEL ARAUJO MENDONÇA DE ALENCAR" (CE) — same-pass (alias, district) collision: 2 distinct candidates this pass share this identity — refusing to guess which is which (invariant 3)
2022: SKIPPED "NATALIA HERCULANO SOARES RODRIGUES" (CE) — same-pass (alias, district) collision: 2 distinct candidates this pass share this identity — refusing to guess which is which (invariant 3)
2022: SKIPPED "NATALIA HERCULANO SOARES RODRIGUES" (CE) — same-pass (alias, district) collision: 2 distinct candidates this pass share this identity — refusing to guess which is which (invariant 3)
2022: SKIPPED "ANTONIO ADILSON EUFRASINO DE PINHO" (CE) — same-pass (alias, district) collision: 2 distinct candidates this pass share this identity — refusing to guess which is which (invariant 3)
2022: SKIPPED "RAIMUNDO GERSON DOS SANTOS LIMA" (CE) — same-pass (alias, district) collision: 2 distinct candidates this pass share this identity — refusing to guess which is which (invariant 3)
2022: SKIPPED "CARLOS EMANUEL ARAUJO MENDONÇA DE ALENCAR" (CE) — same-pass (alias, district) collision: 2 distinct candidates this pass share this identity — refusing to guess which is which (invariant 3)
2022: SKIPPED "FRANCISCO ELY AGUIAR ALVES" (CE) — same-pass (alias, district) collision: 2 distinct candidates this pass share this identity — refusing to guess which is which (invariant 3)
2022: SKIPPED "ANTONIO ADILSON EUFRASINO DE PINHO" (CE) — same-pass (alias, district) collision: 2 distinct candidates this pass share this identity — refusing to guess which is which (invariant 3)
2022: SKIPPED "RAQUEL DE QUEIROZ BESSA" (CE) — same-pass (alias, district) collision: 2 distinct candidates this pass share this identity — refusing to guess which is which (invariant 3)
2022: SKIPPED "JOSÉ DENÍSIO PINHEIRO" (CE) — same-pass (alias, district) collision: 2 distinct candidates this pass share this identity — refusing to guess which is which (invariant 3)
2022: SKIPPED "JOSE GERALDO ARAUJO CORREIA" (CE) — same-pass (alias, district) collision: 2 distinct candidates this pass share this identity — refusing to guess which is which (invariant 3)
TOTAL 2022..=2022: seeded 0 candidate(s), 178 error(s), 0 year(s) failed closed
